<?xml version="1.0" encoding="UTF-8"?>
<!-- Generated by org.testng.reporters.JUnitXMLReporter -->
<testsuite hostname="DESKTOP-9S3MC4U" name="NewToursRegistrationTest" tests="2" failures="1" timestamp="22 Aug 2017 07:14:09 GMT" time="38.803" errors="0">
  <testcase name="Register" time="2.044" classname="dataDrivenTesting.NewToursRegistration"/>
  <testcase name="NewUserRegistration" time="0.003" classname="dataDrivenTesting.NewToursRegistration">
    <failure type="java.io.FileNotFoundException" message="C:\Users\Shiva\Desktop\NewUserTestData.xlsx (The system cannot find the file specified)">
      <![CDATA[java.io.FileNotFoundException: C:\Users\Shiva\Desktop\NewUserTestData.xlsx (The system cannot find the file specified)
	at java.io.FileInputStream.open0(Native Method)
	at java.io.FileInputStream.open(Unknown Source)
	at java.io.FileInputStream.<init>(Unknown Source)
	at java.io.FileInputStream.<init>(Unknown Source)
	at dataDrivenTesting.NewToursRegistration.NewUserRegistration(NewToursRegistration.java:41)
	at java.util.concurrent.FutureTask.run(Unknown Source)
	at java.util.concurrent.ThreadPoolExecutor.runWorker(Unknown Source)
	at java.util.concurrent.ThreadPoolExecutor$Worker.run(Unknown Source)
	at java.lang.Thread.run(Unknown Source)
... Removed 16 stack frames]]>
    </failure>
  </testcase> <!-- NewUserRegistration -->
</testsuite> <!-- NewToursRegistrationTest -->
